

Started GET "/setting" for 127.0.0.1 at 2014-11-11 21:35:32 +0000

ActiveRecord::PendingMigrationError (

Migrations are pending. To resolve this issue, run:

	bin/rake db:migrate RAILS_ENV=development

):
  activerecord (4.1.5) lib/active_record/migration.rb:389:in `check_pending!'
  activerecord (4.1.5) lib/active_record/migration.rb:377:in `call'
  actionpack (4.1.5) lib/action_dispatch/middleware/callbacks.rb:29:in `block in call'
  activesupport (4.1.5) lib/active_support/callbacks.rb:82:in `run_callbacks'
  actionpack (4.1.5) lib/action_dispatch/middleware/callbacks.rb:27:in `call'
  actionpack (4.1.5) lib/action_dispatch/middleware/reloader.rb:73:in `call'
  actionpack (4.1.5) lib/action_dispatch/middleware/remote_ip.rb:76:in `call'
  actionpack (4.1.5) lib/action_dispatch/middleware/debug_exceptions.rb:17:in `call'
  actionpack (4.1.5) lib/action_dispatch/middleware/show_exceptions.rb:30:in `call'
  railties (4.1.5) lib/rails/rack/logger.rb:38:in `call_app'
  railties (4.1.5) lib/rails/rack/logger.rb:20:in `block in call'
  activesupport (4.1.5) lib/active_support/tagged_logging.rb:68:in `block in tagged'
  activesupport (4.1.5) lib/active_support/tagged_logging.rb:26:in `tagged'
  activesupport (4.1.5) lib/active_support/tagged_logging.rb:68:in `tagged'
  railties (4.1.5) lib/rails/rack/logger.rb:20:in `call'
  actionpack (4.1.5) lib/action_dispatch/middleware/request_id.rb:21:in `call'
  rack (1.5.2) lib/rack/methodoverride.rb:21:in `call'
  rack (1.5.2) lib/rack/runtime.rb:17:in `call'
  activesupport (4.1.5) lib/active_support/cache/strategy/local_cache_middleware.rb:26:in `call'
  rack (1.5.2) lib/rack/lock.rb:17:in `call'
  actionpack (4.1.5) lib/action_dispatch/middleware/static.rb:64:in `call'
  rack (1.5.2) lib/rack/sendfile.rb:112:in `call'
  railties (4.1.5) lib/rails/engine.rb:514:in `call'
  railties (4.1.5) lib/rails/application.rb:144:in `call'
  rack (1.5.2) lib/rack/lock.rb:17:in `call'
  rack (1.5.2) lib/rack/content_length.rb:14:in `call'
  rack (1.5.2) lib/rack/handler/webrick.rb:60:in `service'
  /Users/daiyuzhang/.rvm/rubies/ruby-2.1.2/lib/ruby/2.1.0/webrick/httpserver.rb:138:in `service'
  /Users/daiyuzhang/.rvm/rubies/ruby-2.1.2/lib/ruby/2.1.0/webrick/httpserver.rb:94:in `run'
  /Users/daiyuzhang/.rvm/rubies/ruby-2.1.2/lib/ruby/2.1.0/webrick/server.rb:295:in `block in start_thread'


  Rendered /Users/daiyuzhang/.rvm/gems/ruby-2.1.2/gems/actionpack-4.1.5/lib/action_dispatch/middleware/templates/rescues/_source.erb (0.5ms)
  Rendered /Users/daiyuzhang/.rvm/gems/ruby-2.1.2/gems/actionpack-4.1.5/lib/action_dispatch/middleware/templates/rescues/_trace.html.erb (1.0ms)
  Rendered /Users/daiyuzhang/.rvm/gems/ruby-2.1.2/gems/actionpack-4.1.5/lib/action_dispatch/middleware/templates/rescues/_request_and_response.html.erb (0.8ms)
  Rendered /Users/daiyuzhang/.rvm/gems/ruby-2.1.2/gems/actionpack-4.1.5/lib/action_dispatch/middleware/templates/rescues/diagnostics.erb within rescues/layout (13.7ms)


Started GET "/" for 127.0.0.1 at 2014-11-11 21:35:34 +0000

ActiveRecord::PendingMigrationError (

Migrations are pending. To resolve this issue, run:

	bin/rake db:migrate RAILS_ENV=development

):
  activerecord (4.1.5) lib/active_record/migration.rb:389:in `check_pending!'
  activerecord (4.1.5) lib/active_record/migration.rb:377:in `call'
  actionpack (4.1.5) lib/action_dispatch/middleware/callbacks.rb:29:in `block in call'
  activesupport (4.1.5) lib/active_support/callbacks.rb:82:in `run_callbacks'
  actionpack (4.1.5) lib/action_dispatch/middleware/callbacks.rb:27:in `call'
  actionpack (4.1.5) lib/action_dispatch/middleware/reloader.rb:73:in `call'
  actionpack (4.1.5) lib/action_dispatch/middleware/remote_ip.rb:76:in `call'
  actionpack (4.1.5) lib/action_dispatch/middleware/debug_exceptions.rb:17:in `call'
  actionpack (4.1.5) lib/action_dispatch/middleware/show_exceptions.rb:30:in `call'
  railties (4.1.5) lib/rails/rack/logger.rb:38:in `call_app'
  railties (4.1.5) lib/rails/rack/logger.rb:20:in `block in call'
  activesupport (4.1.5) lib/active_support/tagged_logging.rb:68:in `block in tagged'
  activesupport (4.1.5) lib/active_support/tagged_logging.rb:26:in `tagged'
  activesupport (4.1.5) lib/active_support/tagged_logging.rb:68:in `tagged'
  railties (4.1.5) lib/rails/rack/logger.rb:20:in `call'
  actionpack (4.1.5) lib/action_dispatch/middleware/request_id.rb:21:in `call'
  rack (1.5.2) lib/rack/methodoverride.rb:21:in `call'
  rack (1.5.2) lib/rack/runtime.rb:17:in `call'
  activesupport (4.1.5) lib/active_support/cache/strategy/local_cache_middleware.rb:26:in `call'
  rack (1.5.2) lib/rack/lock.rb:17:in `call'
  actionpack (4.1.5) lib/action_dispatch/middleware/static.rb:64:in `call'
  rack (1.5.2) lib/rack/sendfile.rb:112:in `call'
  railties (4.1.5) lib/rails/engine.rb:514:in `call'
  railties (4.1.5) lib/rails/application.rb:144:in `call'
  rack (1.5.2) lib/rack/lock.rb:17:in `call'
  rack (1.5.2) lib/rack/content_length.rb:14:in `call'
  rack (1.5.2) lib/rack/handler/webrick.rb:60:in `service'
  /Users/daiyuzhang/.rvm/rubies/ruby-2.1.2/lib/ruby/2.1.0/webrick/httpserver.rb:138:in `service'
  /Users/daiyuzhang/.rvm/rubies/ruby-2.1.2/lib/ruby/2.1.0/webrick/httpserver.rb:94:in `run'
  /Users/daiyuzhang/.rvm/rubies/ruby-2.1.2/lib/ruby/2.1.0/webrick/server.rb:295:in `block in start_thread'


  Rendered /Users/daiyuzhang/.rvm/gems/ruby-2.1.2/gems/actionpack-4.1.5/lib/action_dispatch/middleware/templates/rescues/_source.erb (0.4ms)
  Rendered /Users/daiyuzhang/.rvm/gems/ruby-2.1.2/gems/actionpack-4.1.5/lib/action_dispatch/middleware/templates/rescues/_trace.html.erb (0.8ms)
  Rendered /Users/daiyuzhang/.rvm/gems/ruby-2.1.2/gems/actionpack-4.1.5/lib/action_dispatch/middleware/templates/rescues/_request_and_response.html.erb (0.6ms)
  Rendered /Users/daiyuzhang/.rvm/gems/ruby-2.1.2/gems/actionpack-4.1.5/lib/action_dispatch/middleware/templates/rescues/diagnostics.erb within rescues/layout (11.2ms)
  [1m[36m (6.2ms)[0m  [1mCREATE TABLE "schema_migrations" ("version" varchar(255) NOT NULL) [0m
  [1m[35m (0.1ms)[0m  select sqlite_version(*)
  [1m[36m (1.6ms)[0m  [1mCREATE UNIQUE INDEX "unique_schema_migrations" ON "schema_migrations" ("version")[0m
  [1m[35mActiveRecord::SchemaMigration Load (0.1ms)[0m  SELECT "schema_migrations".* FROM "schema_migrations"
Migrating to CreateUsers (20141007174406)
  [1m[36m (0.1ms)[0m  [1mbegin transaction[0m
  [1m[35m (0.4ms)[0m  CREATE TABLE "users" ("id" INTEGER PRIMARY KEY AUTOINCREMENT NOT NULL, "name" varchar(255), "email" varchar(255), "created_at" datetime, "updated_at" datetime) 
  [1m[36mSQL (0.1ms)[0m  [1mINSERT INTO "schema_migrations" ("version") VALUES (?)[0m  [["version", "20141007174406"]]
  [1m[35m (1.4ms)[0m  commit transaction
Migrating to AddIndexToUsersEmail (20141007174536)
  [1m[36m (0.0ms)[0m  [1mbegin transaction[0m
  [1m[35m (0.2ms)[0m  CREATE UNIQUE INDEX "index_users_on_email" ON "users" ("email")
  [1m[36mSQL (0.1ms)[0m  [1mINSERT INTO "schema_migrations" ("version") VALUES (?)[0m  [["version", "20141007174536"]]
  [1m[35m (1.9ms)[0m  commit transaction
Migrating to AddPasswordDigestToUsers (20141007174642)
  [1m[36m (0.0ms)[0m  [1mbegin transaction[0m
  [1m[35m (0.3ms)[0m  ALTER TABLE "users" ADD "password_digest" varchar(255)
  [1m[36mSQL (0.1ms)[0m  [1mINSERT INTO "schema_migrations" ("version") VALUES (?)[0m  [["version", "20141007174642"]]
  [1m[35m (1.5ms)[0m  commit transaction
Migrating to AddRememberTokenToUsers (20141025001358)
  [1m[36m (0.1ms)[0m  [1mbegin transaction[0m
  [1m[35m (0.3ms)[0m  ALTER TABLE "users" ADD "remember_token" varchar(255)
  [1m[36m (0.1ms)[0m  [1m            SELECT sql
            FROM sqlite_master
            WHERE name='index_users_on_email' AND type='index'
            UNION ALL
            SELECT sql
            FROM sqlite_temp_master
            WHERE name='index_users_on_email' AND type='index'
[0m
  [1m[35m (0.1ms)[0m  CREATE  INDEX "index_users_on_remember_token" ON "users" ("remember_token")
  [1m[36mSQL (0.1ms)[0m  [1mINSERT INTO "schema_migrations" ("version") VALUES (?)[0m  [["version", "20141025001358"]]
  [1m[35m (2.4ms)[0m  commit transaction
  [1m[36mActiveRecord::SchemaMigration Load (0.1ms)[0m  [1mSELECT "schema_migrations".* FROM "schema_migrations"[0m
  [1m[35m (0.1ms)[0m              SELECT sql
            FROM sqlite_master
            WHERE name='index_users_on_remember_token' AND type='index'
            UNION ALL
            SELECT sql
            FROM sqlite_temp_master
            WHERE name='index_users_on_remember_token' AND type='index'

  [1m[36m (0.1ms)[0m  [1m            SELECT sql
            FROM sqlite_master
            WHERE name='index_users_on_email' AND type='index'
            UNION ALL
            SELECT sql
            FROM sqlite_temp_master
            WHERE name='index_users_on_email' AND type='index'
[0m


Started GET "/" for 127.0.0.1 at 2014-11-11 21:36:26 +0000
  [1m[36mActiveRecord::SchemaMigration Load (0.1ms)[0m  [1mSELECT "schema_migrations".* FROM "schema_migrations"[0m
Processing by StaticPagesController#home as HTML
  Rendered static_pages/home.html.erb within layouts/application (17.1ms)
  [1m[35mUser Load (0.1ms)[0m  SELECT  "users".* FROM "users"  WHERE "users"."remember_token" = 'PBVrTqqpmdgzbETmR9ZBYQ' LIMIT 1
  Rendered layouts/_header.html.erb (12.9ms)
  Rendered layouts/_footer.html.erb (0.5ms)
Completed 200 OK in 3140ms (Views: 3131.7ms | ActiveRecord: 0.4ms)


Started GET "/assets/sessions.css?body=1" for 127.0.0.1 at 2014-11-11 21:36:30 +0000


Started GET "/assets/users.css?body=1" for 127.0.0.1 at 2014-11-11 21:36:30 +0000


Started GET "/assets/static_pages.css?body=1" for 127.0.0.1 at 2014-11-11 21:36:30 +0000


Started GET "/assets/custom.css?body=1" for 127.0.0.1 at 2014-11-11 21:36:30 +0000


Started GET "/assets/application.css?body=1" for 127.0.0.1 at 2014-11-11 21:36:30 +0000


Started GET "/assets/jquery.js?body=1" for 127.0.0.1 at 2014-11-11 21:36:30 +0000


Started GET "/assets/jquery_ujs.js?body=1" for 127.0.0.1 at 2014-11-11 21:36:30 +0000


Started GET "/assets/turbolinks.js?body=1" for 127.0.0.1 at 2014-11-11 21:36:30 +0000


Started GET "/assets/sessions.js?body=1" for 127.0.0.1 at 2014-11-11 21:36:30 +0000


Started GET "/assets/static_pages.js?body=1" for 127.0.0.1 at 2014-11-11 21:36:30 +0000


Started GET "/assets/users.js?body=1" for 127.0.0.1 at 2014-11-11 21:36:30 +0000


Started GET "/assets/bootstrap-transition.js?body=1" for 127.0.0.1 at 2014-11-11 21:36:30 +0000


Started GET "/assets/bootstrap-affix.js?body=1" for 127.0.0.1 at 2014-11-11 21:36:30 +0000


Started GET "/assets/bootstrap-alert.js?body=1" for 127.0.0.1 at 2014-11-11 21:36:30 +0000


Started GET "/assets/bootstrap-button.js?body=1" for 127.0.0.1 at 2014-11-11 21:36:30 +0000


Started GET "/assets/bootstrap-carousel.js?body=1" for 127.0.0.1 at 2014-11-11 21:36:30 +0000


Started GET "/assets/bootstrap-collapse.js?body=1" for 127.0.0.1 at 2014-11-11 21:36:30 +0000


Started GET "/assets/bootstrap-dropdown.js?body=1" for 127.0.0.1 at 2014-11-11 21:36:30 +0000


Started GET "/assets/bootstrap-modal.js?body=1" for 127.0.0.1 at 2014-11-11 21:36:30 +0000


Started GET "/assets/bootstrap-scrollspy.js?body=1" for 127.0.0.1 at 2014-11-11 21:36:30 +0000


Started GET "/assets/bootstrap-tab.js?body=1" for 127.0.0.1 at 2014-11-11 21:36:30 +0000


Started GET "/assets/bootstrap-tooltip.js?body=1" for 127.0.0.1 at 2014-11-11 21:36:30 +0000


Started GET "/assets/bootstrap-popover.js?body=1" for 127.0.0.1 at 2014-11-11 21:36:30 +0000


Started GET "/assets/bootstrap-typeahead.js?body=1" for 127.0.0.1 at 2014-11-11 21:36:30 +0000


Started GET "/assets/bootstrap.js?body=1" for 127.0.0.1 at 2014-11-11 21:36:30 +0000


Started GET "/assets/application.js?body=1" for 127.0.0.1 at 2014-11-11 21:36:30 +0000


Started GET "/assets/rails.png" for 127.0.0.1 at 2014-11-11 21:36:30 +0000
